<?xml version="1.0" encoding="UTF-8"?>
<testng-results skipped="0" failed="0" total="1" passed="1">
  <reporter-output>
  </reporter-output>
  <suite name="Default suite" duration-ms="1533" started-at="2019-08-26T06:32:20Z" finished-at="2019-08-26T06:32:21Z">
    <groups>
    </groups>
    <test name="Default test" duration-ms="1533" started-at="2019-08-26T06:32:20Z" finished-at="2019-08-26T06:32:21Z">
      <class name="com.qa.tests.GetAPTTest">
        <test-method status="PASS" signature="setUp()[pri:0, instance:com.qa.tests.GetAPTTest@6574b225]" name="setUp" is-config="true" duration-ms="8" started-at="2019-08-26T12:02:20Z" finished-at="2019-08-26T12:02:20Z">
          <reporter-output>
          </reporter-output>
        </test-method> <!-- setUp -->
        <test-method status="PASS" signature="getAPItest()[pri:0, instance:com.qa.tests.GetAPTTest@6574b225]" name="getAPItest" duration-ms="1504" started-at="2019-08-26T12:02:20Z" finished-at="2019-08-26T12:02:21Z">
          <reporter-output>
          </reporter-output>
        </test-method> <!-- getAPItest -->
      </class> <!-- com.qa.tests.GetAPTTest -->
    </test> <!-- Default test -->
  </suite> <!-- Default suite -->
</testng-results>
